<?xml version="1.0" encoding="UTF-8"?>
<testng-results ignored="3" total="8" passed="5" failed="0" skipped="0">
  <reporter-output>
  </reporter-output>
  <suite started-at="2019-06-01T13:04:56Z" name="Test Suite" finished-at="2019-06-01T13:04:57Z" duration-ms="123">
    <groups>
      <group name="Print">
        <method signature="SecondTC.test1()[pri:0, instance:com.testNG.test.SecondTC@3c87521]" name="test1" class="com.testNG.test.SecondTC"/>
        <method signature="SecondTC.test2()[pri:0, instance:com.testNG.test.SecondTC@3c87521]" name="test2" class="com.testNG.test.SecondTC"/>
        <method signature="SecondTC.test3()[pri:0, instance:com.testNG.test.SecondTC@3c87521]" name="test3" class="com.testNG.test.SecondTC"/>
        <method signature="SecondTC.test1()[pri:0, instance:com.testNG.test.SecondTC@37e547da]" name="test1" class="com.testNG.test.SecondTC"/>
        <method signature="SecondTC.test2()[pri:0, instance:com.testNG.test.SecondTC@37e547da]" name="test2" class="com.testNG.test.SecondTC"/>
      </group> <!-- Print -->
      <group name="sum">
        <method signature="SecondTC.test3()[pri:0, instance:com.testNG.test.SecondTC@3c87521]" name="test3" class="com.testNG.test.SecondTC"/>
      </group> <!-- sum -->
    </groups>
    <test started-at="2019-06-01T13:04:56Z" name="Test1" finished-at="2019-06-01T13:04:57Z" duration-ms="47">
      <class name="com.testNG.test.SecondTC">
        <test-method signature="test1()[pri:0, instance:com.testNG.test.SecondTC@3c87521]" started-at="2019-06-01T13:04:56Z" name="test1" finished-at="2019-06-01T13:04:56Z" duration-ms="11" status="PASS">
          <reporter-output>
          </reporter-output>
        </test-method> <!-- test1 -->
        <test-method signature="test2()[pri:0, instance:com.testNG.test.SecondTC@3c87521]" started-at="2019-06-01T13:04:56Z" name="test2" finished-at="2019-06-01T13:04:57Z" duration-ms="2" status="PASS">
          <reporter-output>
          </reporter-output>
        </test-method> <!-- test2 -->
        <test-method signature="test3()[pri:0, instance:com.testNG.test.SecondTC@3c87521]" started-at="2019-06-01T13:04:57Z" name="test3" finished-at="2019-06-01T13:04:57Z" duration-ms="2" status="PASS">
          <reporter-output>
          </reporter-output>
        </test-method> <!-- test3 -->
      </class> <!-- com.testNG.test.SecondTC -->
    </test> <!-- Test1 -->
    <test started-at="2019-06-01T13:04:57Z" name="Test2" finished-at="2019-06-01T13:04:57Z" duration-ms="10">
      <class name="com.testNG.test.SecondTC">
        <test-method signature="test1()[pri:0, instance:com.testNG.test.SecondTC@37e547da]" started-at="2019-06-01T13:04:57Z" name="test1" finished-at="2019-06-01T13:04:57Z" duration-ms="2" status="PASS">
          <reporter-output>
          </reporter-output>
        </test-method> <!-- test1 -->
        <test-method signature="test2()[pri:0, instance:com.testNG.test.SecondTC@37e547da]" started-at="2019-06-01T13:04:57Z" name="test2" finished-at="2019-06-01T13:04:57Z" duration-ms="2" status="PASS">
          <reporter-output>
          </reporter-output>
        </test-method> <!-- test2 -->
      </class> <!-- com.testNG.test.SecondTC -->
    </test> <!-- Test2 -->
  </suite> <!-- Test Suite -->
</testng-results>
