<?xml version="1.0" encoding="UTF-8"?>
<!-- Generated by org.testng.reporters.JUnitXMLReporter -->
<testsuite ignored="0" hostname="Bhushan-PC" failures="0" tests="5" name="Default test" time="100.256" errors="0" timestamp="13 May 2018 09:45:26 GMT">
  <testcase classname="testBankDemo.TestLogIn4" name="TestLogin4" time="1.547"/>
  <testcase classname="testBankDemo.TestLogIn4" name="TestLogin4" time="1.314"/>
  <testcase classname="testBankDemo.TestLogIn4" name="TestLogin4" time="1.684"/>
  <testcase classname="testBankDemo.TestLogIn4" name="TestLogin4" time="1.316"/>
  <testcase classname="testBankDemo.TestLogIn4" name="TestLogin4" time="1.253"/>
</testsuite> <!-- Default test -->
