<?xml version="1.0" encoding="UTF-8"?>
<!-- Generated by org.testng.reporters.JUnitXMLReporter -->
<testsuite ignored="0" hostname="Bhushan-PC" failures="0" tests="3" name="Default test" time="48.581" errors="0" timestamp="02 Sep 2018 13:27:22 GMT">
  <testcase classname="com.ultimateqa.tests.LoginPageTest" name="loginPageTitleTest" time="0.035"/>
  <testcase classname="com.ultimateqa.tests.LoginPageTest" name="footerDisplayTest" time="0.055"/>
  <testcase classname="com.ultimateqa.tests.LoginPageTest" name="loginTest" time="17.359"/>
</testsuite> <!-- Default test -->
