<?xml version="1.0" encoding="UTF-8"?>
<!-- Generated by org.testng.reporters.JUnitXMLReporter -->
<testsuite ignored="0" hostname="Bhushan-PC" failures="1" tests="2" name="Test" time="17.009" errors="0" timestamp="13 Jan 2019 08:14:53 GMT">
  <testcase classname="com.test.testng.SecondTC" name="TestCase1" time="0.033"/>
  <testcase classname="com.test.testng.FirstTC" name="TestCase1" time="0.023">
    <failure type="java.lang.AssertionError" message="expected title is Google1 whereas actual is Google expected [Google1] but found [Google]">
      <![CDATA[java.lang.AssertionError: expected title is Google1 whereas actual is Google expected [Google1] but found [Google]
at com.test.testng.FirstTC.TestCase1(FirstTC.java:29)
... Removed 30 stack frames]]>
    </failure>
  </testcase> <!-- TestCase1 -->
</testsuite> <!-- Test -->
