<?xml version="1.0" encoding="UTF-8"?>
<testng-results ignored="0" total="1" passed="1" failed="0" skipped="0">
  <reporter-output>
  </reporter-output>
  <suite started-at="2019-11-05T03:16:05Z" name="Default suite" finished-at="2019-11-05T03:16:06Z" duration-ms="1026">
    <groups>
      <group name="cucumber">
        <method signature="TestRunner.feature(cucumber.api.testng.CucumberFeatureWrapper)[pri:0, instance:Runner.TestRunner@3c72f59f]" name="feature" class="Runner.TestRunner"/>
      </group> <!-- cucumber -->
    </groups>
    <test started-at="2019-11-05T03:16:05Z" name="Default test" finished-at="2019-11-05T03:16:06Z" duration-ms="1026">
      <class name="Runner.TestRunner">
        <test-method is-config="true" signature="setUpClass()[pri:0, instance:Runner.TestRunner@3c72f59f]" started-at="2019-11-05T03:16:05Z" name="setUpClass" finished-at="2019-11-05T03:16:06Z" duration-ms="360" status="PASS">
          <reporter-output>
          </reporter-output>
        </test-method> <!-- setUpClass -->
        <test-method signature="feature(cucumber.api.testng.CucumberFeatureWrapper)[pri:0, instance:Runner.TestRunner@3c72f59f]" started-at="2019-11-05T03:16:06Z" name="feature" description="Runs Cucumber Feature" data-provider="features" finished-at="2019-11-05T03:16:06Z" duration-ms="469" status="PASS">
          <params>
            <param index="0">
              <value>
                <![CDATA[CRMPRO login feature]]>
              </value>
            </param>
          </params>
          <reporter-output>
          </reporter-output>
        </test-method> <!-- feature -->
        <test-method is-config="true" signature="tearDownClass()[pri:0, instance:Runner.TestRunner@3c72f59f]" started-at="2019-11-05T03:16:06Z" name="tearDownClass" finished-at="2019-11-05T03:16:06Z" duration-ms="36" status="PASS">
          <reporter-output>
          </reporter-output>
        </test-method> <!-- tearDownClass -->
      </class> <!-- Runner.TestRunner -->
    </test> <!-- Default test -->
  </suite> <!-- Default suite -->
</testng-results>
