<?xml version="1.0" encoding="UTF-8"?>
<testng-results ignored="0" total="1" passed="1" failed="0" skipped="0">
  <reporter-output>
  </reporter-output>
  <suite started-at="2020-01-01T19:57:50 IST" name="Default suite" finished-at="2020-01-01T19:58:22 IST" duration-ms="31844">
    <groups>
    </groups>
    <test started-at="2020-01-01T19:57:50 IST" name="Default test" finished-at="2020-01-01T19:58:22 IST" duration-ms="31844">
      <class name="testClasses.HomePageTest">
        <test-method is-config="true" signature="setup()[pri:0, instance:testClasses.HomePageTest@7d3a22a9]" started-at="2020-01-01T19:57:50 IST" name="setup" finished-at="2020-01-01T19:58:21 IST" duration-ms="30225" status="PASS">
          <reporter-output>
          </reporter-output>
        </test-method> <!-- setup -->
        <test-method signature="testMMTLogoPresense()[pri:0, instance:testClasses.HomePageTest@7d3a22a9]" started-at="2020-01-01T19:58:21 IST" name="testMMTLogoPresense" finished-at="2020-01-01T19:58:22 IST" duration-ms="1083" status="PASS">
          <reporter-output>
          </reporter-output>
        </test-method> <!-- testMMTLogoPresense -->
        <test-method is-config="true" signature="tearDown()[pri:0, instance:testClasses.HomePageTest@7d3a22a9]" started-at="2020-01-01T19:58:22 IST" name="tearDown" finished-at="2020-01-01T19:58:22 IST" duration-ms="436" status="PASS">
          <reporter-output>
          </reporter-output>
        </test-method> <!-- tearDown -->
      </class> <!-- testClasses.HomePageTest -->
    </test> <!-- Default test -->
  </suite> <!-- Default suite -->
</testng-results>
