<?xml version="1.0" encoding="UTF-8"?>
<!-- Generated by org.testng.reporters.JUnitXMLReporter -->
<testsuite ignored="0" hostname="Bhushan-PC" failures="0" tests="4" name="Default test" time="136.256" errors="0" timestamp="28 Aug 2018 14:59:05 GMT">
  <testcase classname="TestLogin" name="TestLogIn" time="2.384"/>
  <testcase classname="TestLogin" name="TestLogIn" time="2.113"/>
  <testcase classname="TestLogin" name="TestLogIn" time="2.427"/>
  <testcase classname="TestLogin" name="TestLogIn" time="2.89"/>
</testsuite> <!-- Default test -->
