<?xml version="1.0" encoding="UTF-8"?>
<testng-results ignored="0" total="3" passed="3" failed="0" skipped="0">
  <reporter-output>
  </reporter-output>
  <suite started-at="2019-02-12T02:31:59Z" name="Default suite" finished-at="2019-02-12T02:32:27Z" duration-ms="28027">
    <groups>
    </groups>
    <test started-at="2019-02-12T02:31:59Z" name="Default test" finished-at="2019-02-12T02:32:27Z" duration-ms="28027">
      <class name="com.freeCRM.tests.LoginPageTest">
        <test-method is-config="true" signature="start()[pri:0, instance:com.freeCRM.tests.LoginPageTest@7748410a]" started-at="2019-02-12T02:31:59Z" name="start" finished-at="2019-02-12T02:32:08Z" duration-ms="8985" status="PASS">
          <reporter-output>
          </reporter-output>
        </test-method> <!-- start -->
        <test-method signature="testLoginPageTitle()[pri:1, instance:com.freeCRM.tests.LoginPageTest@7748410a]" started-at="2019-02-12T02:32:08Z" name="testLoginPageTitle" finished-at="2019-02-12T02:32:08Z" duration-ms="47" status="PASS">
          <reporter-output>
          </reporter-output>
        </test-method> <!-- testLoginPageTitle -->
        <test-method is-config="true" signature="tearDown()[pri:0, instance:com.freeCRM.tests.LoginPageTest@7748410a]" started-at="2019-02-12T02:32:08Z" name="tearDown" finished-at="2019-02-12T02:32:09Z" duration-ms="635" status="PASS">
          <reporter-output>
          </reporter-output>
        </test-method> <!-- tearDown -->
        <test-method is-config="true" signature="start()[pri:0, instance:com.freeCRM.tests.LoginPageTest@7748410a]" started-at="2019-02-12T02:32:09Z" name="start" finished-at="2019-02-12T02:32:18Z" duration-ms="9111" status="PASS">
          <reporter-output>
          </reporter-output>
        </test-method> <!-- start -->
        <test-method signature="testCRMLogo()[pri:2, instance:com.freeCRM.tests.LoginPageTest@7748410a]" started-at="2019-02-12T02:32:18Z" name="testCRMLogo" finished-at="2019-02-12T02:32:18Z" duration-ms="70" status="PASS">
          <reporter-output>
          </reporter-output>
        </test-method> <!-- testCRMLogo -->
        <test-method is-config="true" signature="tearDown()[pri:0, instance:com.freeCRM.tests.LoginPageTest@7748410a]" started-at="2019-02-12T02:32:18Z" name="tearDown" finished-at="2019-02-12T02:32:19Z" duration-ms="623" status="PASS">
          <reporter-output>
          </reporter-output>
        </test-method> <!-- tearDown -->
        <test-method is-config="true" signature="start()[pri:0, instance:com.freeCRM.tests.LoginPageTest@7748410a]" started-at="2019-02-12T02:32:19Z" name="start" finished-at="2019-02-12T02:32:27Z" duration-ms="7838" status="PASS">
          <reporter-output>
          </reporter-output>
        </test-method> <!-- start -->
        <test-method signature="testMotto()[pri:3, instance:com.freeCRM.tests.LoginPageTest@7748410a]" started-at="2019-02-12T02:32:27Z" name="testMotto" finished-at="2019-02-12T02:32:27Z" duration-ms="73" status="PASS">
          <reporter-output>
          </reporter-output>
        </test-method> <!-- testMotto -->
        <test-method is-config="true" signature="tearDown()[pri:0, instance:com.freeCRM.tests.LoginPageTest@7748410a]" started-at="2019-02-12T02:32:27Z" name="tearDown" finished-at="2019-02-12T02:32:27Z" duration-ms="617" status="PASS">
          <reporter-output>
          </reporter-output>
        </test-method> <!-- tearDown -->
      </class> <!-- com.freeCRM.tests.LoginPageTest -->
    </test> <!-- Default test -->
  </suite> <!-- Default suite -->
</testng-results>
