<?xml version="1.0" encoding="UTF-8"?>
<testng-results ignored="0" total="5" passed="5" failed="0" skipped="0">
  <reporter-output>
  </reporter-output>
  <suite started-at="2018-05-13T09:43:46Z" name="Default suite" finished-at="2018-05-13T09:45:26Z" duration-ms="100256">
    <groups>
    </groups>
    <test started-at="2018-05-13T09:43:46Z" name="Default test" finished-at="2018-05-13T09:45:26Z" duration-ms="100256">
      <class name="testBankDemo.TestLogIn4">
        <test-method is-config="true" signature="setup()[pri:0, instance:testBankDemo.TestLogIn4@50caa560]" started-at="2018-05-13T09:43:46Z" name="setup" finished-at="2018-05-13T09:43:57Z" duration-ms="10243" status="PASS">
          <reporter-output>
          </reporter-output>
        </test-method> <!-- setup -->
        <test-method signature="TestLogin4(java.lang.String, java.lang.String)[pri:0, instance:testBankDemo.TestLogIn4@50caa560]" started-at="2018-05-13T09:43:57Z" name="TestLogin4" data-provider="Day4" finished-at="2018-05-13T09:43:58Z" duration-ms="1547" status="PASS">
          <params>
            <param index="0">
              <value>
                <![CDATA[mngr128724]]>
              </value>
            </param>
            <param index="1">
              <value>
                <![CDATA[evubysA]]>
              </value>
            </param>
          </params>
          <reporter-output>
          </reporter-output>
        </test-method> <!-- TestLogin4 -->
        <test-method is-config="true" signature="destroyBrowser()[pri:0, instance:testBankDemo.TestLogIn4@50caa560]" started-at="2018-05-13T09:43:58Z" name="destroyBrowser" finished-at="2018-05-13T09:44:08Z" duration-ms="9560" status="PASS">
          <reporter-output>
          </reporter-output>
        </test-method> <!-- destroyBrowser -->
        <test-method is-config="true" signature="setup()[pri:0, instance:testBankDemo.TestLogIn4@50caa560]" started-at="2018-05-13T09:44:08Z" name="setup" finished-at="2018-05-13T09:44:16Z" duration-ms="8174" status="PASS">
          <reporter-output>
          </reporter-output>
        </test-method> <!-- setup -->
        <test-method signature="TestLogin4(java.lang.String, java.lang.String)[pri:0, instance:testBankDemo.TestLogIn4@50caa560]" started-at="2018-05-13T09:44:16Z" name="TestLogin4" data-provider="Day4" finished-at="2018-05-13T09:44:17Z" duration-ms="1314" status="PASS">
          <params>
            <param index="0">
              <value>
                <![CDATA[invalid]]>
              </value>
            </param>
            <param index="1">
              <value>
                <![CDATA[evubysA]]>
              </value>
            </param>
          </params>
          <reporter-output>
          </reporter-output>
        </test-method> <!-- TestLogin4 -->
        <test-method is-config="true" signature="destroyBrowser()[pri:0, instance:testBankDemo.TestLogIn4@50caa560]" started-at="2018-05-13T09:44:17Z" name="destroyBrowser" finished-at="2018-05-13T09:44:27Z" duration-ms="9807" status="PASS">
          <reporter-output>
          </reporter-output>
        </test-method> <!-- destroyBrowser -->
        <test-method is-config="true" signature="setup()[pri:0, instance:testBankDemo.TestLogIn4@50caa560]" started-at="2018-05-13T09:44:27Z" name="setup" finished-at="2018-05-13T09:44:35Z" duration-ms="7974" status="PASS">
          <reporter-output>
          </reporter-output>
        </test-method> <!-- setup -->
        <test-method signature="TestLogin4(java.lang.String, java.lang.String)[pri:0, instance:testBankDemo.TestLogIn4@50caa560]" started-at="2018-05-13T09:44:35Z" name="TestLogin4" data-provider="Day4" finished-at="2018-05-13T09:44:37Z" duration-ms="1684" status="PASS">
          <params>
            <param index="0">
              <value>
                <![CDATA[mngr128724]]>
              </value>
            </param>
            <param index="1">
              <value>
                <![CDATA[invalid]]>
              </value>
            </param>
          </params>
          <reporter-output>
          </reporter-output>
        </test-method> <!-- TestLogin4 -->
        <test-method is-config="true" signature="destroyBrowser()[pri:0, instance:testBankDemo.TestLogIn4@50caa560]" started-at="2018-05-13T09:44:37Z" name="destroyBrowser" finished-at="2018-05-13T09:44:46Z" duration-ms="9447" status="PASS">
          <reporter-output>
          </reporter-output>
        </test-method> <!-- destroyBrowser -->
        <test-method is-config="true" signature="setup()[pri:0, instance:testBankDemo.TestLogIn4@50caa560]" started-at="2018-05-13T09:44:46Z" name="setup" finished-at="2018-05-13T09:44:55Z" duration-ms="8752" status="PASS">
          <reporter-output>
          </reporter-output>
        </test-method> <!-- setup -->
        <test-method signature="TestLogin4(java.lang.String, java.lang.String)[pri:0, instance:testBankDemo.TestLogIn4@50caa560]" started-at="2018-05-13T09:44:55Z" name="TestLogin4" data-provider="Day4" finished-at="2018-05-13T09:44:56Z" duration-ms="1316" status="PASS">
          <params>
            <param index="0">
              <value is-null="true"/>
            </param>
            <param index="1">
              <value is-null="true"/>
            </param>
          </params>
          <reporter-output>
          </reporter-output>
        </test-method> <!-- TestLogin4 -->
        <test-method is-config="true" signature="destroyBrowser()[pri:0, instance:testBankDemo.TestLogIn4@50caa560]" started-at="2018-05-13T09:44:56Z" name="destroyBrowser" finished-at="2018-05-13T09:45:06Z" duration-ms="9520" status="PASS">
          <reporter-output>
          </reporter-output>
        </test-method> <!-- destroyBrowser -->
        <test-method is-config="true" signature="setup()[pri:0, instance:testBankDemo.TestLogIn4@50caa560]" started-at="2018-05-13T09:45:06Z" name="setup" finished-at="2018-05-13T09:45:14Z" duration-ms="8458" status="PASS">
          <reporter-output>
          </reporter-output>
        </test-method> <!-- setup -->
        <test-method signature="TestLogin4(java.lang.String, java.lang.String)[pri:0, instance:testBankDemo.TestLogIn4@50caa560]" started-at="2018-05-13T09:45:14Z" name="TestLogin4" data-provider="Day4" finished-at="2018-05-13T09:45:16Z" duration-ms="1253" status="PASS">
          <params>
            <param index="0">
              <value is-null="true"/>
            </param>
            <param index="1">
              <value is-null="true"/>
            </param>
          </params>
          <reporter-output>
          </reporter-output>
        </test-method> <!-- TestLogin4 -->
        <test-method is-config="true" signature="destroyBrowser()[pri:0, instance:testBankDemo.TestLogIn4@50caa560]" started-at="2018-05-13T09:45:16Z" name="destroyBrowser" finished-at="2018-05-13T09:45:26Z" duration-ms="10512" status="PASS">
          <reporter-output>
          </reporter-output>
        </test-method> <!-- destroyBrowser -->
      </class> <!-- testBankDemo.TestLogIn4 -->
    </test> <!-- Default test -->
  </suite> <!-- Default suite -->
</testng-results>
