<?xml version="1.0" encoding="UTF-8"?>
<!-- Generated by org.testng.reporters.JUnitXMLReporter -->
<testsuite ignored="0" hostname="Bhushan-PC" failures="0" tests="3" name="Default test" time="28.027" errors="0" timestamp="12 Feb 2019 02:32:27 GMT">
  <testcase classname="com.freeCRM.tests.LoginPageTest" name="testLoginPageTitle" time="0.047"/>
  <testcase classname="com.freeCRM.tests.LoginPageTest" name="testCRMLogo" time="0.07"/>
  <testcase classname="com.freeCRM.tests.LoginPageTest" name="testMotto" time="0.073"/>
</testsuite> <!-- Default test -->
