<?xml version="1.0" encoding="UTF-8"?>
<testng-results ignored="0" total="2" passed="2" failed="0" skipped="0">
  <reporter-output>
  </reporter-output>
  <suite started-at="2019-05-12T11:44:03Z" name="Test Suite" finished-at="2019-05-12T11:44:03Z" duration-ms="132">
    <groups>
    </groups>
    <test started-at="2019-05-12T11:44:03Z" name="Test1" finished-at="2019-05-12T11:44:03Z" duration-ms="132">
      <class name="TestNGDemo.TestScript1">
        <test-method signature="f()[pri:0, instance:TestNGDemo.TestScript1@5c671d7f]" started-at="2019-05-12T11:44:03Z" name="f" finished-at="2019-05-12T11:44:03Z" duration-ms="15" status="PASS">
          <reporter-output>
          </reporter-output>
        </test-method> <!-- f -->
      </class> <!-- TestNGDemo.TestScript1 -->
      <class name="TestNGDemo.TestScript2">
        <test-method signature="g()[pri:0, instance:TestNGDemo.TestScript2@6aaceffd]" started-at="2019-05-12T11:44:03Z" name="g" finished-at="2019-05-12T11:44:03Z" duration-ms="2" status="PASS">
          <reporter-output>
          </reporter-output>
        </test-method> <!-- g -->
      </class> <!-- TestNGDemo.TestScript2 -->
    </test> <!-- Test1 -->
  </suite> <!-- Test Suite -->
</testng-results>
