<?xml version="1.0" encoding="UTF-8"?>
<testng-results ignored="0" total="1" passed="1" failed="0" skipped="0">
  <reporter-output>
  </reporter-output>
  <suite started-at="2017-12-24T14:08:16Z" name="Default suite" finished-at="2017-12-24T14:08:16Z" duration-ms="65">
    <groups>
    </groups>
    <test started-at="2017-12-24T14:08:16Z" name="Default test" finished-at="2017-12-24T14:08:16Z" duration-ms="65">
      <class name="TestNGDemo.TestScript1">
        <test-method signature="f()[pri:0, instance:TestNGDemo.TestScript1@4988d8b8]" started-at="2017-12-24T19:38:16Z" name="f" finished-at="2017-12-24T19:38:16Z" duration-ms="15" status="PASS">
          <reporter-output>
          </reporter-output>
        </test-method> <!-- f -->
      </class> <!-- TestNGDemo.TestScript1 -->
    </test> <!-- Default test -->
  </suite> <!-- Default suite -->
</testng-results>
